<?xml version="1.0" encoding="UTF-8"?>
<!-- Generated by org.testng.reporters.JUnitReportReporter -->
<testsuite hostname="TJ-" failures="0" tests="1" name="Login.Login_1" time="0.008" errors="0" timestamp="2024-11-02T22:27:25 IST" skipped="0">
  <testcase classname="Login.Login_1" name="test02" time="0.008"/>
</testsuite> <!-- Login.Login_1 -->
